<?xml version="1.0" encoding="UTF-8"?>
<!-- Generated by org.testng.reporters.JUnitXMLReporter -->
<testsuite ignored="0" hostname="DESKTOP-QN1NF34" failures="0" tests="4" name="Add Customer Test" time="18.324" errors="0" timestamp="29 Aug 2020 11:17:13 GMT">
  <testcase classname="purushartha.testcases.AddCustomerTest" name="addCustomerTest" time="4.843"/>
  <testcase classname="purushartha.testcases.AddCustomerTest" name="addCustomerTest" time="4.413"/>
  <testcase classname="purushartha.testcases.AddCustomerTest" name="addCustomerTest" time="4.371"/>
  <testcase classname="purushartha.testcases.AddCustomerTest" name="addCustomerTest" time="4.377"/>
</testsuite> <!-- Add Customer Test -->
