<?xml version="1.0" encoding="UTF-8"?>
<testsuite name="TestSuite" time="12.473" tests="6" errors="0" skipped="0" failures="0">
  <properties>
[...]
</properties>
  <testcase name="bankManagerLoginTest" classname="purushartha.testcases.BankManagerLoginTest" time="4.559"/>
  <testcase name="addCustomerTest" classname="purushartha.testcases.AddCustomerTest" time="4.936"/>
  <testcase name="addCustomerTest" classname="purushartha.testcases.AddCustomerTest" time="4.495"/>
  <testcase name="addCustomerTest" classname="purushartha.testcases.AddCustomerTest" time="4.435"/>
  <testcase name="addCustomerTest" classname="purushartha.testcases.AddCustomerTest" time="4.438"/>
  <testcase name="openAccountTest" classname="purushartha.testcases.OpenAccountTest" time="2.978"/>
</testsuite>