<?xml version="1.0" encoding="UTF-8"?>
<testng-results ignored="0" total="6" passed="6" failed="0" skipped="0">
  <reporter-output>
    <line>
      <![CDATA[<br>Verification failure : expected [abc] but found [xyz]<br>]]>
    </line>
    <line>
      <![CDATA[<a target="_blank" href=Sat_Aug_29_13_16_51_CEST_2020.jpg><imgsrc= Sat_Aug_29_13_16_51_CEST_2020.jpgheight=200 width=200></img></a>]]>
    </line>
    <line>
      <![CDATA[<br>]]>
    </line>
    <line>
      <![CDATA[<br>]]>
    </line>
  </reporter-output>
  <suite started-at="2020-08-29T11:16:50Z" name="Data Driven Basics" finished-at="2020-08-29T11:17:16Z" duration-ms="25998">
    <groups>
    </groups>
    <test started-at="2020-08-29T11:16:50Z" name="BankManagerLoginTest" finished-at="2020-08-29T11:16:55Z" duration-ms="4614">
      <class name="purushartha.testcases.BankManagerLoginTest">
        <test-method signature="bankManagerLoginTest()[pri:0, instance:purushartha.testcases.BankManagerLoginTest@22b53226]" started-at="2020-08-29T13:16:50Z" name="bankManagerLoginTest" finished-at="2020-08-29T13:16:54Z" duration-ms="4149" status="PASS">
          <reporter-output>
            <line>
              <![CDATA[<br>Verification failure : expected [abc] but found [xyz]<br>]]>
            </line>
            <line>
              <![CDATA[<a target="_blank" href=Sat_Aug_29_13_16_51_CEST_2020.jpg><imgsrc= Sat_Aug_29_13_16_51_CEST_2020.jpgheight=200 width=200></img></a>]]>
            </line>
            <line>
              <![CDATA[<br>]]>
            </line>
            <line>
              <![CDATA[<br>]]>
            </line>
          </reporter-output>
        </test-method> <!-- bankManagerLoginTest -->
      </class> <!-- purushartha.testcases.BankManagerLoginTest -->
    </test> <!-- BankManagerLoginTest -->
    <test started-at="2020-08-29T11:16:55Z" name="Add Customer Test" finished-at="2020-08-29T11:17:13Z" duration-ms="18324">
      <class name="purushartha.testcases.AddCustomerTest">
        <test-method signature="addCustomerTest(java.util.Hashtable)[pri:0, instance:purushartha.testcases.AddCustomerTest@58ebfd03]" started-at="2020-08-29T13:16:55Z" name="addCustomerTest" data-provider="dp" finished-at="2020-08-29T13:17:00Z" duration-ms="4843" status="PASS">
          <params>
            <param index="0">
              <value>
                <![CDATA[{alerttext=Customer added successfully, postcode=A234wd, lastname=Arora, runmode=Y, firstname=Raman}]]>
              </value>
            </param>
          </params>
          <reporter-output>
          </reporter-output>
        </test-method> <!-- addCustomerTest -->
        <test-method signature="addCustomerTest(java.util.Hashtable)[pri:0, instance:purushartha.testcases.AddCustomerTest@58ebfd03]" started-at="2020-08-29T13:17:00Z" name="addCustomerTest" data-provider="dp" finished-at="2020-08-29T13:17:04Z" duration-ms="4413" status="PASS">
          <params>
            <param index="0">
              <value>
                <![CDATA[{alerttext=Customer added successfully, postcode=A234wd, lastname=Arora, runmode=Y, firstname=Rahul}]]>
              </value>
            </param>
          </params>
          <reporter-output>
          </reporter-output>
        </test-method> <!-- addCustomerTest -->
        <test-method signature="addCustomerTest(java.util.Hashtable)[pri:0, instance:purushartha.testcases.AddCustomerTest@58ebfd03]" started-at="2020-08-29T13:17:04Z" name="addCustomerTest" data-provider="dp" finished-at="2020-08-29T13:17:09Z" duration-ms="4371" status="PASS">
          <params>
            <param index="0">
              <value>
                <![CDATA[{alerttext=Customer added successfully, postcode=A234wd, lastname=Arora, runmode=Y, firstname=Ishita}]]>
              </value>
            </param>
          </params>
          <reporter-output>
          </reporter-output>
        </test-method> <!-- addCustomerTest -->
        <test-method signature="addCustomerTest(java.util.Hashtable)[pri:0, instance:purushartha.testcases.AddCustomerTest@58ebfd03]" started-at="2020-08-29T13:17:09Z" name="addCustomerTest" data-provider="dp" finished-at="2020-08-29T13:17:13Z" duration-ms="4377" status="PASS">
          <params>
            <param index="0">
              <value>
                <![CDATA[{alerttext=Customer added successfully, postcode=A234wd, lastname=Sehgal, runmode=Y, firstname=Rohit}]]>
              </value>
            </param>
          </params>
          <reporter-output>
          </reporter-output>
        </test-method> <!-- addCustomerTest -->
      </class> <!-- purushartha.testcases.AddCustomerTest -->
    </test> <!-- Add Customer Test -->
    <test started-at="2020-08-29T11:17:13Z" name="Open Account Test" finished-at="2020-08-29T11:17:16Z" duration-ms="2987">
      <class name="purushartha.testcases.OpenAccountTest">
        <test-method is-config="true" signature="setUp()[pri:0, instance:purushartha.testcases.OpenAccountTest@2fea7088]" started-at="2020-08-29T13:16:35Z" name="setUp" finished-at="2020-08-29T13:16:50Z" duration-ms="15710" status="PASS">
          <reporter-output>
          </reporter-output>
        </test-method> <!-- setUp -->
        <test-method signature="openAccountTest(java.util.Hashtable)[pri:0, instance:purushartha.testcases.OpenAccountTest@2fea7088]" started-at="2020-08-29T13:17:13Z" name="openAccountTest" data-provider="dp" finished-at="2020-08-29T13:17:16Z" duration-ms="2903" status="PASS">
          <params>
            <param index="0">
              <value>
                <![CDATA[{currency=Rupee, customer=Raman Arora}]]>
              </value>
            </param>
          </params>
          <reporter-output>
          </reporter-output>
        </test-method> <!-- openAccountTest -->
        <test-method is-config="true" signature="tearDown()[pri:0, instance:purushartha.testcases.OpenAccountTest@2fea7088]" started-at="2020-08-29T13:17:16Z" name="tearDown" finished-at="2020-08-29T13:17:17Z" duration-ms="672" status="PASS">
          <reporter-output>
          </reporter-output>
        </test-method> <!-- tearDown -->
      </class> <!-- purushartha.testcases.OpenAccountTest -->
    </test> <!-- Open Account Test -->
  </suite> <!-- Data Driven Basics -->
</testng-results>
